E:\【19】计算机图形学\【1】实验\实验1\图形学实验1\DEBUG\图形学实验1.EXE
E:\【19】计算机图形学\【1】实验\实验1\图形学实验1\DEBUG\图形学实验1.ILK
E:\【19】计算机图形学\【1】实验\实验1\图形学实验1\DEBUG\图形学实验1.PDB
E:\【19】计算机图形学\【1】实验\实验1\图形学实验1\图形学实验1\Debug\cl.command.1.tlog
E:\【19】计算机图形学\【1】实验\实验1\图形学实验1\图形学实验1\Debug\CL.read.1.tlog
E:\【19】计算机图形学\【1】实验\实验1\图形学实验1\图形学实验1\Debug\CL.write.1.tlog
E:\【19】计算机图形学\【1】实验\实验1\图形学实验1\图形学实验1\DEBUG\LINE.OBJ
E:\【19】计算机图形学\【1】实验\实验1\图形学实验1\图形学实验1\Debug\link.34032.read.1.tlog
E:\【19】计算机图形学\【1】实验\实验1\图形学实验1\图形学实验1\Debug\link.34032.write.1.tlog
E:\【19】计算机图形学\【1】实验\实验1\图形学实验1\图形学实验1\Debug\link.34032-cvtres.read.1.tlog
E:\【19】计算机图形学\【1】实验\实验1\图形学实验1\图形学实验1\Debug\link.34032-cvtres.write.1.tlog
E:\【19】计算机图形学\【1】实验\实验1\图形学实验1\图形学实验1\Debug\link.command.1.tlog
E:\【19】计算机图形学\【1】实验\实验1\图形学实验1\图形学实验1\Debug\link.read.1.tlog
E:\【19】计算机图形学\【1】实验\实验1\图形学实验1\图形学实验1\Debug\link.write.1.tlog
E:\【19】计算机图形学\【1】实验\实验1\图形学实验1\图形学实验1\Debug\link-cvtres.read.1.tlog
E:\【19】计算机图形学\【1】实验\实验1\图形学实验1\图形学实验1\Debug\link-cvtres.write.1.tlog
E:\【19】计算机图形学\【1】实验\实验1\图形学实验1\图形学实验1\DEBUG\MAIN.OBJ
E:\【19】计算机图形学\【1】实验\实验1\图形学实验1\图形学实验1\Debug\mt.command.1.tlog
E:\【19】计算机图形学\【1】实验\实验1\图形学实验1\图形学实验1\Debug\mt.read.1.tlog
E:\【19】计算机图形学\【1】实验\实验1\图形学实验1\图形学实验1\Debug\mt.write.1.tlog
E:\【19】计算机图形学\【1】实验\实验1\图形学实验1\图形学实验1\Debug\rc.command.1.tlog
E:\【19】计算机图形学\【1】实验\实验1\图形学实验1\图形学实验1\Debug\rc.read.1.tlog
E:\【19】计算机图形学\【1】实验\实验1\图形学实验1\图形学实验1\Debug\rc.write.1.tlog
E:\【19】计算机图形学\【1】实验\实验1\图形学实验1\图形学实验1\Debug\vc100.idb
E:\【19】计算机图形学\【1】实验\实验1\图形学实验1\图形学实验1\DEBUG\VC100.PDB
E:\【19】计算机图形学\【1】实验\实验1\图形学实验1\图形学实验1\DEBUG\图形学实验1.EXE.EMBED.MANIFEST
E:\【19】计算机图形学\【1】实验\实验1\图形学实验1\图形学实验1\DEBUG\图形学实验1.EXE.EMBED.MANIFEST.RES
E:\【19】计算机图形学\【1】实验\实验1\图形学实验1\图形学实验1\DEBUG\图形学实验1.EXE.INTERMEDIATE.MANIFEST
E:\【19】计算机图形学\【1】实验\实验1\图形学实验1\图形学实验1\Debug\图形学实验1.write.1.tlog
E:\【19】计算机图形学\【1】实验\实验1\图形学实验1\图形学实验1\Debug\图形学实验1_manifest.rc
