生成启动时间为 2016/9/30 23:38:46。
     1>项目“E:\【1】github-project\luo-webGL-three-JS\图形学实验1\图形学实验1\图形学实验1.vcxproj”在节点 2 上(build 个目标)。
     1>InitializeBuildStatus:
         正在创建“Debug\图形学实验1.unsuccessfulbuild”，因为已指定“AlwaysCreate”。
       ClCompile:
         C:\Program Files (x86)\Microsoft Visual Studio 10.0\VC\bin\CL.exe /c /ZI /nologo /W3 /WX- /Od /Oy- /D WIN32 /D _DEBUG /D _CONSOLE /D _UNICODE /D UNICODE /Gm /EHsc /RTC1 /MDd /GS /fp:precise /Zc:wchar_t /Zc:forScope /Fo"Debug\\" /Fd"Debug\vc100.pdb" /Gd /TP /analyze- /errorReport:prompt ..\line.cpp ..\main.cpp
         main.cpp
         line.cpp
     1>e:\【1】github-project\luo-webgl-three-js\图形学实验1\line.cpp(8): warning C4244: “=”: 从“int”转换到“float”，可能丢失数据
     1>e:\【1】github-project\luo-webgl-three-js\图形学实验1\line.cpp(9): warning C4244: “=”: 从“int”转换到“float”，可能丢失数据
     1>e:\【1】github-project\luo-webgl-three-js\图形学实验1\line.cpp(38): warning C4244: “=”: 从“int”转换到“float”，可能丢失数据
         正在生成代码...
       ManifestResourceCompile:
         C:\Program Files (x86)\Microsoft SDKs\Windows\v7.0A\bin\rc.exe /nologo /fo"Debug\图形学实验1.exe.embed.manifest.res" "Debug\图形学实验1_manifest.rc" 
       Link:
         C:\Program Files (x86)\Microsoft Visual Studio 10.0\VC\bin\link.exe /ERRORREPORT:PROMPT /OUT:"E:\【1】github-project\luo-webGL-three-JS\图形学实验1\Debug\图形学实验1.exe" /INCREMENTAL /NOLOGO kernel32.lib user32.lib gdi32.lib winspool.lib comdlg32.lib advapi32.lib shell32.lib ole32.lib oleaut32.lib uuid.lib odbc32.lib odbccp32.lib /MANIFEST /ManifestFile:"Debug\图形学实验1.exe.intermediate.manifest" /MANIFESTUAC:"level='asInvoker' uiAccess='false'" /DEBUG /PDB:"E:\【1】github-project\luo-webGL-three-JS\图形学实验1\Debug\图形学实验1.pdb" /SUBSYSTEM:CONSOLE /TLBID:1 /DYNAMICBASE /NXCOMPAT /IMPLIB:"E:\【1】github-project\luo-webGL-three-JS\图形学实验1\Debug\图形学实验1.lib" /MACHINE:X86 "Debug\图形学实验1.exe.embed.manifest.res"
         Debug\line.obj
         Debug\main.obj
       Manifest:
         C:\Program Files (x86)\Microsoft SDKs\Windows\v7.0A\bin\mt.exe /nologo /verbose /out:"Debug\图形学实验1.exe.embed.manifest" /manifest "Debug\图形学实验1.exe.intermediate.manifest"
         所有输出均为最新。
       LinkEmbedManifest:
         所有输出均为最新。
         图形学实验1.vcxproj -> E:\【1】github-project\luo-webGL-three-JS\图形学实验1\Debug\图形学实验1.exe
       FinalizeBuildStatus:
         正在删除文件“Debug\图形学实验1.unsuccessfulbuild”。
         正在对“Debug\图形学实验1.lastbuildstate”执行 Touch 任务。
     1>已完成生成项目“E:\【1】github-project\luo-webGL-three-JS\图形学实验1\图形学实验1\图形学实验1.vcxproj”(build 个目标)的操作。

生成成功。

已用时间 00:00:05.57
