生成启动时间为 2016/9/30 23:39:34。
     1>项目“E:\【1】github-project\luo-webGL-three-JS\图形学实验2\DrawPolygon.vcxproj”在节点 2 上(build 个目标)。
     1>InitializeBuildStatus:
         正在创建“Debug\DrawPolygon.unsuccessfulbuild”，因为已指定“AlwaysCreate”。
       ClCompile:
         C:\Program Files (x86)\Microsoft Visual Studio 10.0\VC\bin\CL.exe /c /Iglut/include /ZI /nologo /W3 /WX- /Od /Oy- /D WIN32 /D _DEBUG /D _CONSOLE /D _UNICODE /D UNICODE /Gm /EHsc /RTC1 /MDd /GS /fp:precise /Zc:wchar_t /Zc:forScope /Fo"Debug\\" /Fd"Debug\vc100.pdb" /Gd /TP /analyze- /errorReport:prompt line.cpp main.cpp polygon.cpp
         polygon.cpp
     1>e:\【1】github-project\luo-webgl-three-js\图形学实验2\polygon.cpp(181): warning C4101: “i”: 未引用的局部变量
         main.cpp
         line.cpp
         正在生成代码...
       ManifestResourceCompile:
         C:\Program Files (x86)\Microsoft SDKs\Windows\v7.0A\bin\rc.exe /nologo /fo"Debug\DrawPolygon.exe.embed.manifest.res" Debug\DrawPolygon_manifest.rc 
       Link:
         C:\Program Files (x86)\Microsoft Visual Studio 10.0\VC\bin\link.exe /ERRORREPORT:PROMPT /OUT:"E:\【1】github-project\luo-webGL-three-JS\图形学实验2\Debug\DrawPolygon.exe" /INCREMENTAL /NOLOGO /LIBPATH:glut/lib kernel32.lib user32.lib gdi32.lib winspool.lib comdlg32.lib advapi32.lib shell32.lib ole32.lib oleaut32.lib uuid.lib odbc32.lib odbccp32.lib /MANIFEST /ManifestFile:"Debug\DrawPolygon.exe.intermediate.manifest" /MANIFESTUAC:"level='asInvoker' uiAccess='false'" /DEBUG /PDB:"E:\【1】github-project\luo-webGL-three-JS\图形学实验2\Debug\DrawPolygon.pdb" /SUBSYSTEM:CONSOLE /TLBID:1 /DYNAMICBASE /NXCOMPAT /IMPLIB:"E:\【1】github-project\luo-webGL-three-JS\图形学实验2\Debug\DrawPolygon.lib" /MACHINE:X86 Debug\DrawPolygon.exe.embed.manifest.res
         Debug\line.obj
         Debug\main.obj
         Debug\polygon.obj
       Manifest:
         C:\Program Files (x86)\Microsoft SDKs\Windows\v7.0A\bin\mt.exe /nologo /verbose /out:"Debug\DrawPolygon.exe.embed.manifest" /manifest Debug\DrawPolygon.exe.intermediate.manifest
         所有输出均为最新。
       LinkEmbedManifest:
         所有输出均为最新。
         DrawPolygon.vcxproj -> E:\【1】github-project\luo-webGL-three-JS\图形学实验2\Debug\DrawPolygon.exe
       FinalizeBuildStatus:
         正在删除文件“Debug\DrawPolygon.unsuccessfulbuild”。
         正在对“Debug\DrawPolygon.lastbuildstate”执行 Touch 任务。
     1>已完成生成项目“E:\【1】github-project\luo-webGL-three-JS\图形学实验2\DrawPolygon.vcxproj”(build 个目标)的操作。

生成成功。

已用时间 00:00:01.99
